Traceback (most recent call last):
  File "train.py", line 37, in <module>
    nbrs, support, support_test, features, labels, train_mask, val_mask, test_mask = load_data(FLAGS.dataset, is_sparse)
  File "/home/zhijie/gcn_semi_op/utils.py", line 88, in load_data
    adj = nx.adjacency_matrix(nx.from_dict_of_lists(graph))
  File "/home/zhijie/env/local/lib/python2.7/site-packages/networkx/convert.py", line 242, in from_dict_of_lists
    G.add_edges_from( ((node,nbr) for node,nbrlist in d.items()
  File "/home/zhijie/env/local/lib/python2.7/site-packages/networkx/classes/graph.py", line 872, in add_edges_from
    datadict = self.adj[u].get(v, self.edge_attr_dict_factory())
KeyboardInterrupt
((19717, 19717), 19717)
WARNING:tensorflow:From /home/zhijie/env/local/lib/python2.7/site-packages/tensorflow/python/ops/nn_grad.py:249: calling reduce_sum (from tensorflow.python.ops.math_ops) with keep_dims is deprecated and will be removed in a future version.
Instructions for updating:
keep_dims is deprecated, use keepdims instead
WARNING:tensorflow:From /home/zhijie/gcn_semi_op/metrics.py:6: softmax_cross_entropy_with_logits (from tensorflow.python.ops.nn_ops) is deprecated and will be removed in a future version.
Instructions for updating:

Future major versions of TensorFlow will allow gradients to flow
into the labels input on backprop by default.

See tf.nn.softmax_cross_entropy_with_logits_v2.

2018-05-10 07:41:47.863641: I tensorflow/core/platform/cpu_feature_guard.cc:137] Your CPU supports instructions that this TensorFlow binary was not compiled to use: SSE4.1 SSE4.2 AVX AVX2 FMA
2018-05-10 07:41:55.030632: I tensorflow/core/common_runtime/gpu/gpu_device.cc:1105] Found device 0 with properties: 
name: TITAN Xp major: 6 minor: 1 memoryClockRate(GHz): 1.582
pciBusID: 0000:04:00.0
totalMemory: 11.91GiB freeMemory: 11.74GiB
2018-05-10 07:41:55.358967: I tensorflow/core/common_runtime/gpu/gpu_device.cc:1105] Found device 1 with properties: 
name: TITAN Xp major: 6 minor: 1 memoryClockRate(GHz): 1.582
pciBusID: 0000:06:00.0
totalMemory: 11.91GiB freeMemory: 11.74GiB
2018-05-10 07:41:55.705630: I tensorflow/core/common_runtime/gpu/gpu_device.cc:1105] Found device 2 with properties: 
name: TITAN Xp major: 6 minor: 1 memoryClockRate(GHz): 1.582
pciBusID: 0000:07:00.0
totalMemory: 11.91GiB freeMemory: 11.74GiB
2018-05-10 07:41:56.067603: I tensorflow/core/common_runtime/gpu/gpu_device.cc:1105] Found device 3 with properties: 
name: TITAN Xp major: 6 minor: 1 memoryClockRate(GHz): 1.582
pciBusID: 0000:08:00.0
totalMemory: 11.91GiB freeMemory: 11.74GiB
2018-05-10 07:41:56.427056: I tensorflow/core/common_runtime/gpu/gpu_device.cc:1105] Found device 4 with properties: 
name: TITAN Xp major: 6 minor: 1 memoryClockRate(GHz): 1.582
pciBusID: 0000:0c:00.0
totalMemory: 11.91GiB freeMemory: 11.74GiB
2018-05-10 07:41:56.802025: I tensorflow/core/common_runtime/gpu/gpu_device.cc:1105] Found device 5 with properties: 
name: TITAN Xp major: 6 minor: 1 memoryClockRate(GHz): 1.582
pciBusID: 0000:0d:00.0
totalMemory: 11.91GiB freeMemory: 11.74GiB
2018-05-10 07:41:57.186128: I tensorflow/core/common_runtime/gpu/gpu_device.cc:1105] Found device 6 with properties: 
name: TITAN Xp major: 6 minor: 1 memoryClockRate(GHz): 1.582
pciBusID: 0000:0e:00.0
totalMemory: 11.91GiB freeMemory: 11.74GiB
2018-05-10 07:41:57.580168: I tensorflow/core/common_runtime/gpu/gpu_device.cc:1105] Found device 7 with properties: 
name: TITAN Xp major: 6 minor: 1 memoryClockRate(GHz): 1.582
pciBusID: 0000:0f:00.0
totalMemory: 11.91GiB freeMemory: 11.74GiB
2018-05-10 07:41:57.613678: I tensorflow/core/common_runtime/gpu/gpu_device.cc:1120] Device peer to peer matrix
2018-05-10 07:41:57.614212: I tensorflow/core/common_runtime/gpu/gpu_device.cc:1126] DMA: 0 1 2 3 4 5 6 7 
2018-05-10 07:41:57.614226: I tensorflow/core/common_runtime/gpu/gpu_device.cc:1136] 0:   Y Y Y Y Y Y Y Y 
2018-05-10 07:41:57.614233: I tensorflow/core/common_runtime/gpu/gpu_device.cc:1136] 1:   Y Y Y Y Y Y Y Y 
2018-05-10 07:41:57.614239: I tensorflow/core/common_runtime/gpu/gpu_device.cc:1136] 2:   Y Y Y Y Y Y Y Y 
2018-05-10 07:41:57.614260: I tensorflow/core/common_runtime/gpu/gpu_device.cc:1136] 3:   Y Y Y Y Y Y Y Y 
2018-05-10 07:41:57.614267: I tensorflow/core/common_runtime/gpu/gpu_device.cc:1136] 4:   Y Y Y Y Y Y Y Y 
2018-05-10 07:41:57.614273: I tensorflow/core/common_runtime/gpu/gpu_device.cc:1136] 5:   Y Y Y Y Y Y Y Y 
2018-05-10 07:41:57.614279: I tensorflow/core/common_runtime/gpu/gpu_device.cc:1136] 6:   Y Y Y Y Y Y Y Y 
2018-05-10 07:41:57.614285: I tensorflow/core/common_runtime/gpu/gpu_device.cc:1136] 7:   Y Y Y Y Y Y Y Y 
2018-05-10 07:41:57.614302: I tensorflow/core/common_runtime/gpu/gpu_device.cc:1195] Creating TensorFlow device (/device:GPU:0) -> (device: 0, name: TITAN Xp, pci bus id: 0000:04:00.0, compute capability: 6.1)
2018-05-10 07:41:57.614311: I tensorflow/core/common_runtime/gpu/gpu_device.cc:1195] Creating TensorFlow device (/device:GPU:1) -> (device: 1, name: TITAN Xp, pci bus id: 0000:06:00.0, compute capability: 6.1)
2018-05-10 07:41:57.614317: I tensorflow/core/common_runtime/gpu/gpu_device.cc:1195] Creating TensorFlow device (/device:GPU:2) -> (device: 2, name: TITAN Xp, pci bus id: 0000:07:00.0, compute capability: 6.1)
2018-05-10 07:41:57.614324: I tensorflow/core/common_runtime/gpu/gpu_device.cc:1195] Creating TensorFlow device (/device:GPU:3) -> (device: 3, name: TITAN Xp, pci bus id: 0000:08:00.0, compute capability: 6.1)
2018-05-10 07:41:57.614330: I tensorflow/core/common_runtime/gpu/gpu_device.cc:1195] Creating TensorFlow device (/device:GPU:4) -> (device: 4, name: TITAN Xp, pci bus id: 0000:0c:00.0, compute capability: 6.1)
2018-05-10 07:41:57.614336: I tensorflow/core/common_runtime/gpu/gpu_device.cc:1195] Creating TensorFlow device (/device:GPU:5) -> (device: 5, name: TITAN Xp, pci bus id: 0000:0d:00.0, compute capability: 6.1)
2018-05-10 07:41:57.614342: I tensorflow/core/common_runtime/gpu/gpu_device.cc:1195] Creating TensorFlow device (/device:GPU:6) -> (device: 6, name: TITAN Xp, pci bus id: 0000:0e:00.0, compute capability: 6.1)
2018-05-10 07:41:57.614348: I tensorflow/core/common_runtime/gpu/gpu_device.cc:1195] Creating TensorFlow device (/device:GPU:7) -> (device: 7, name: TITAN Xp, pci bus id: 0000:0f:00.0, compute capability: 6.1)
Traceback (most recent call last):
  File "train.py", line 67, in <module>
    sess = tf.Session(config=tf.ConfigProto(gpu_options=gpu_options))
  File "/home/zhijie/env/local/lib/python2.7/site-packages/tensorflow/python/client/session.py", line 1509, in __init__
    super(Session, self).__init__(target, graph, config=config)
  File "/home/zhijie/env/local/lib/python2.7/site-packages/tensorflow/python/client/session.py", line 628, in __init__
    self._session = tf_session.TF_NewDeprecatedSession(opts, status)
KeyboardInterrupt
Traceback (most recent call last):
  File "run.py", line 34, in <module>
    output = [p.wait() for p in processes]
  File "/usr/lib/python2.7/subprocess.py", line 1392, in wait
    pid, sts = _eintr_retry_call(os.waitpid, self.pid, 0)
  File "/usr/lib/python2.7/subprocess.py", line 476, in _eintr_retry_call
    return func(*args)
KeyboardInterrupt
Traceback (most recent call last):
  File "run.py", line 34, in <module>
    output = [p.wait() for p in processes]
  File "/usr/lib/python2.7/subprocess.py", line 1392, in wait
    pid, sts = _eintr_retry_call(os.waitpid, self.pid, 0)
  File "/usr/lib/python2.7/subprocess.py", line 476, in _eintr_retry_call
    return func(*args)
KeyboardInterrupt
[0.1, 0.0, 0.789, 0.796, 0.799, 0.795, 0.793, 0.8, 0.787, 0.789, 0.7935000000000001, 0.004840306956027838]
[0.1, 0.1, 0.789, 0.797, 0.798, 0.796, 0.796, 0.804, 0.791, 0.786, 0.794625, 0.005705573715987858]
[0.1, 0.2, 0.79, 0.793, 0.798, 0.798, 0.798, 0.801, 0.796, 0.792, 0.7957500000000001, 0.003732100136460898]
[0.1, 0.3, 0.793, 0.789, 0.798, 0.798, 0.797, 0.801, 0.796, 0.793, 0.795625, 0.0037772817134623634]
[0.2, 0.0, 0.764, 0.774, 0.801, 0.771, 0.777, 0.79, 0.779, 0.743, 0.7748750000000001, 0.01724974119888678]
[0.2, 0.1, 0.782, 0.774, 0.805, 0.792, 0.778, 0.788, 0.775, 0.754, 0.7809999999999999, 0.014976171549689015]
[0.2, 0.2, 0.79, 0.774, 0.806, 0.788, 0.797, 0.769, 0.771, 0.75, 0.780625, 0.017983623502668054]
[0.2, 0.3, 0.787, 0.773, 0.807, 0.786, 0.803, 0.773, 0.782, 0.741, 0.7815000000000001, 0.020521765448977772]
[0.3, 0.0, 0.797, 0.762, 0.795, 0.749, 0.786, 0.763, 0.754, 0.739, 0.768125, 0.02188566066759566]
[0.3, 0.1, 0.785, 0.761, 0.767, 0.752, 0.787, 0.729, 0.762, 0.774, 0.7646250000000001, 0.018738329701443526]
[0.3, 0.2, 0.769, 0.759, 0.717, 0.75, 0.78, 0.735, 0.735, 0.782, 0.753375, 0.023341792684245282]
[0.3, 0.3, 0.771, 0.746, 0.775, 0.754, 0.776, 0.75, 0.735, 0.784, 0.7613749999999999, 0.01740227817598277]
[0.4, 0.0, 0.73, 0.732, 0.738, 0.755, 0.76, 0.707, 0.732, 0.79, 0.743, 0.02499714269385891]
[0.4, 0.1, 0.793, 0.731, 0.702, 0.758, 0.759, 0.713, 0.732, 0.791, 0.747375, 0.033759390228074775]
[0.4, 0.2, 0.792, 0.729, 0.698, 0.756, 0.762, 0.737, 0.736, 0.779, 0.748625, 0.029952045005308094]
[0.4, 0.3, 0.788, 0.729, 0.746, 0.763, 0.757, 0.778, 0.736, 0.774, 0.758875, 0.020856225517987277]
[0.5, 0.0, 0.752, 0.756, 0.742, 0.737, 0.741, 0.758, 0.786, 0.718, 0.74875, 0.01973213477698608]
[0.5, 0.1, 0.766, 0.756, 0.693, 0.767, 0.745, 0.757, 0.789, 0.716, 0.748625, 0.03062649413264836]
[0.5, 0.2, 0.782, 0.756, 0.75, 0.77, 0.745, 0.754, 0.791, 0.715, 0.757875, 0.023636760111559907]
[0.5, 0.3, 0.772, 0.757, 0.723, 0.76, 0.748, 0.735, 0.792, 0.72, 0.750875, 0.024637007587309457]
[0.6, 0.0, 0.721, 0.779, 0.745, 0.682, 0.73, 0.735, 0.754, 0.623, 0.721125, 0.04844861047690487]
[0.6, 0.1, 0.732, 0.778, 0.625, 0.719, 0.735, 0.69, 0.749, 0.644, 0.709, 0.052519384176565834]
[0.6, 0.2, 0.726, 0.777, 0.638, 0.715, 0.742, 0.71, 0.747, 0.695, 0.71875, 0.04133400537088077]
[0.6, 0.3, 0.725, 0.78, 0.64, 0.761, 0.752, 0.71, 0.741, 0.708, 0.7271249999999999, 0.043109288028053944]
[0.7, 0.0, 0.723, 0.789, 0.675, 0.723, 0.713, 0.747, 0.669, 0.596, 0.704375, 0.05807123089054388]
Traceback (most recent call last):
  File "run.py", line 34, in <module>
    output = [p.wait() for p in processes]
  File "/usr/lib/python2.7/subprocess.py", line 1392, in wait
    pid, sts = _eintr_retry_call(os.waitpid, self.pid, 0)
  File "/usr/lib/python2.7/subprocess.py", line 476, in _eintr_retry_call
    return func(*args)
KeyboardInterrupt
Traceback (most recent call last):
  File "run.py", line 36, in <module>
    output = [float(p.stdout.read().split(' ')[-3]) for p in processes]
ValueError: could not convert string to float: ^
SyntaxError:
[0.1, 0.0, 1, 0.789, 0.789, 0.793, 0.792, 0.79, 0.791, 0.793, 0.792, 0.7911250000000001, 0.0016420805617960942]
[0.1, 0.0, 0.3, 0.79, 0.791, 0.793, 0.791, 0.79, 0.791, 0.793, 0.791, 0.79125, 0.0011649647450214361]
[0.1, 0.0, 0.1, 0.787, 0.787, 0.789, 0.793, 0.793, 0.789, 0.794, 0.793, 0.7906250000000001, 0.0029246489410818936]
[0.1, 0.0, 0.03, 0.781, 0.778, 0.777, 0.78, 0.78, 0.777, 0.78, 0.769, 0.7777499999999999, 0.003845219666769938]
[0.1, 0.0, 0.01, 0.791, 0.8, 0.79, 0.794, 0.788, 0.792, 0.794, 0.799, 0.7935000000000001, 0.004208834246473214]
[0.1, 0.1, 1, 0.792, 0.793, 0.794, 0.792, 0.793, 0.793, 0.8, 0.795, 0.794, 0.002618614682831911]
[0.1, 0.1, 0.3, 0.792, 0.792, 0.796, 0.792, 0.793, 0.792, 0.801, 0.795, 0.794125, 0.0031819805153394665]
[0.1, 0.1, 0.1, 0.793, 0.787, 0.799, 0.794, 0.796, 0.792, 0.797, 0.788, 0.79325, 0.00420034012228262]
[0.1, 0.1, 0.03, 0.788, 0.773, 0.786, 0.781, 0.785, 0.793, 0.779, 0.773, 0.78225, 0.007106335201775954]
[0.1, 0.1, 0.01, 0.799, 0.793, 0.793, 0.795, 0.789, 0.793, 0.796, 0.799, 0.7946250000000001, 0.003377974879378813]
[0.1, 0.2, 1, 0.786, 0.791, 0.788, 0.786, 0.792, 0.792, 0.794, 0.79, 0.789875, 0.0029489707647632904]
[0.1, 0.2, 0.3, 0.786, 0.79, 0.789, 0.786, 0.791, 0.792, 0.794, 0.793, 0.7901250000000001, 0.0029970223317724665]
[0.1, 0.2, 0.1, 0.791, 0.788, 0.799, 0.788, 0.793, 0.794, 0.789, 0.791, 0.791625, 0.003700868623908257]
[0.1, 0.2, 0.03, 0.792, 0.77, 0.79, 0.782, 0.781, 0.783, 0.776, 0.773, 0.780875, 0.007717096048940399]
[0.1, 0.2, 0.01, 0.798, 0.795, 0.8, 0.795, 0.792, 0.791, 0.803, 0.795, 0.796125, 0.0040155946010522565]
[0.1, 0.3, 1, 0.786, 0.793, 0.788, 0.785, 0.788, 0.791, 0.787, 0.791, 0.788625, 0.0027742437837054955]
[0.1, 0.3, 0.3, 0.787, 0.793, 0.788, 0.785, 0.788, 0.791, 0.788, 0.794, 0.78925, 0.003105295017040597]
[0.1, 0.3, 0.1, 0.788, 0.793, 0.792, 0.784, 0.789, 0.793, 0.789, 0.786, 0.78925, 0.0032841611235921884]
[0.1, 0.3, 0.03, 0.793, 0.769, 0.799, 0.778, 0.789, 0.783, 0.773, 0.773, 0.7821250000000001, 0.010736286934637008]
[0.1, 0.3, 0.01, 0.797, 0.79, 0.798, 0.796, 0.785, 0.796, 0.804, 0.797, 0.7953749999999999, 0.005655275665884283]
[0.2, 0.0, 1, 0.789, 0.789, 0.793, 0.793, 0.79, 0.791, 0.794, 0.794, 0.791625, 0.0021339098923270957]
[0.2, 0.0, 0.3, 0.79, 0.79, 0.792, 0.793, 0.792, 0.791, 0.794, 0.794, 0.792, 0.0016035674514745478]
[0.2, 0.0, 0.1, 0.785, 0.786, 0.793, 0.792, 0.794, 0.787, 0.79, 0.787, 0.78925, 0.003453776401067598]
[0.2, 0.0, 0.03, 0.75, 0.761, 0.76, 0.784, 0.771, 0.762, 0.761, 0.757, 0.76325, 0.010194536351819616]
[0.2, 0.0, 0.01, 0.802, 0.79, 0.79, 0.785, 0.786, 0.771, 0.785, 0.789, 0.78725, 0.008548182764273861]
[0.2, 0.1, 1, 0.792, 0.792, 0.796, 0.792, 0.795, 0.792, 0.8, 0.795, 0.7942500000000001, 0.0028660575211055567]
[0.2, 0.1, 0.3, 0.791, 0.79, 0.796, 0.793, 0.796, 0.792, 0.8, 0.793, 0.793875, 0.003270539492412313]
[0.2, 0.1, 0.1, 0.794, 0.786, 0.796, 0.795, 0.797, 0.795, 0.791, 0.788, 0.7927500000000001, 0.003991061441342573]
[0.2, 0.1, 0.03, 0.751, 0.765, 0.764, 0.787, 0.771, 0.778, 0.759, 0.748, 0.765375, 0.013146835577974116]
[0.2, 0.1, 0.01, 0.771, 0.798, 0.784, 0.787, 0.789, 0.794, 0.779, 0.791, 0.7866250000000001, 0.008601287279073]
[0.2, 0.2, 1, 0.787, 0.79, 0.788, 0.786, 0.791, 0.793, 0.793, 0.792, 0.79, 0.00272554057547699]
[0.2, 0.2, 0.3, 0.787, 0.789, 0.788, 0.785, 0.79, 0.792, 0.791, 0.792, 0.78925, 0.0024928469095164517]
[0.2, 0.2, 0.1, 0.8, 0.786, 0.799, 0.79, 0.795, 0.793, 0.786, 0.786, 0.791875, 0.00579254446927872]
[0.2, 0.2, 0.03, 0.754, 0.766, 0.773, 0.793, 0.777, 0.789, 0.76, 0.762, 0.77175, 0.013936078563006384]
[0.2, 0.2, 0.01, 0.789, 0.789, 0.792, 0.792, 0.796, 0.793, 0.779, 0.773, 0.787875, 0.007827378689117913]
[0.2, 0.3, 1, 0.787, 0.795, 0.787, 0.786, 0.788, 0.791, 0.788, 0.792, 0.78925, 0.003105295017040597]
[0.2, 0.3, 0.3, 0.787, 0.794, 0.787, 0.786, 0.788, 0.791, 0.79, 0.793, 0.7895000000000001, 0.0029760952365713825]
[0.2, 0.3, 0.1, 0.789, 0.793, 0.797, 0.784, 0.792, 0.789, 0.785, 0.781, 0.7887500000000001, 0.005257647491307989]
[0.2, 0.3, 0.03, 0.755, 0.771, 0.782, 0.787, 0.78, 0.795, 0.762, 0.752, 0.773, 0.015583874449479604]
[0.2, 0.3, 0.01, 0.784, 0.806, 0.782, 0.78, 0.804, 0.791, 0.769, 0.767, 0.785375, 0.014401760805044454]
[0.3, 0.0, 1, 0.789, 0.789, 0.793, 0.79, 0.79, 0.791, 0.794, 0.795, 0.791375, 0.002326094212561971]
[0.3, 0.0, 0.3, 0.787, 0.789, 0.793, 0.792, 0.789, 0.791, 0.794, 0.794, 0.7911250000000001, 0.0025877458475338307]
[0.3, 0.0, 0.1, 0.784, 0.786, 0.793, 0.793, 0.794, 0.789, 0.788, 0.785, 0.789, 0.003927922024247866]
[0.3, 0.0, 0.03, 0.729, 0.773, 0.744, 0.783, 0.757, 0.751, 0.757, 0.744, 0.75475, 0.017110982271211515]
[0.3, 0.0, 0.01, 0.794, 0.75, 0.754, 0.753, 0.773, 0.726, 0.777, 0.795, 0.76525, 0.023783247405324153]
[0.3, 0.1, 1, 0.794, 0.79, 0.792, 0.791, 0.796, 0.794, 0.8, 0.794, 0.7938750000000001, 0.003136763573220929]
[0.3, 0.1, 0.3, 0.791, 0.789, 0.795, 0.793, 0.796, 0.795, 0.8, 0.791, 0.7937500000000001, 0.0034948942350643084]
[0.3, 0.1, 0.1, 0.798, 0.784, 0.794, 0.796, 0.797, 0.798, 0.788, 0.787, 0.7927500000000001, 0.0055741751471790535]
[0.3, 0.1, 0.03, 0.725, 0.753, 0.751, 0.785, 0.758, 0.76, 0.76, 0.728, 0.7525000000000001, 0.01911618611095247]
[0.3, 0.1, 0.01, 0.789, 0.774, 0.771, 0.754, 0.767, 0.759, 0.777, 0.782, 0.771625, 0.01156271717942754]
[0.3, 0.2, 1, 0.787, 0.792, 0.789, 0.785, 0.79, 0.792, 0.792, 0.791, 0.7897500000000001, 0.0026049403612586407]
[0.3, 0.2, 0.3, 0.786, 0.791, 0.789, 0.785, 0.79, 0.791, 0.789, 0.789, 0.78875, 0.0021876275473019383]
[0.3, 0.2, 0.1, 0.8, 0.79, 0.8, 0.792, 0.796, 0.791, 0.785, 0.783, 0.7921250000000001, 0.00631183695244782]
[0.3, 0.2, 0.03, 0.726, 0.75, 0.725, 0.782, 0.756, 0.76, 0.781, 0.744, 0.753, 0.021666300363203963]
[0.3, 0.2, 0.01, 0.789, 0.806, 0.793, 0.79, 0.768, 0.779, 0.782, 0.797, 0.788, 0.011661903789690611]
[0.3, 0.3, 1, 0.787, 0.795, 0.787, 0.786, 0.788, 0.79, 0.79, 0.792, 0.789375, 0.003020761493398646]
[0.3, 0.3, 0.3, 0.786, 0.794, 0.788, 0.786, 0.788, 0.79, 0.79, 0.791, 0.789125, 0.0026958963523950907]
[0.3, 0.3, 0.1, 0.792, 0.794, 0.799, 0.786, 0.795, 0.788, 0.784, 0.774, 0.789, 0.007837638128197266]
[0.3, 0.3, 0.03, 0.716, 0.739, 0.722, 0.783, 0.761, 0.756, 0.788, 0.771, 0.7545, 0.026806182655712652]
[0.3, 0.3, 0.01, 0.801, 0.766, 0.799, 0.784, 0.77, 0.801, 0.785, 0.8, 0.7882500000000001, 0.014320315239945976]
[0.4, 0.0, 1, 0.787, 0.789, 0.793, 0.79, 0.789, 0.79, 0.792, 0.794, 0.7905, 0.0023299294900428723]
[0.4, 0.0, 0.3, 0.787, 0.789, 0.793, 0.79, 0.79, 0.79, 0.792, 0.797, 0.791, 0.0030237157840738204]
[0.4, 0.0, 0.1, 0.789, 0.785, 0.794, 0.794, 0.794, 0.788, 0.786, 0.784, 0.78925, 0.00423421438150827]
[0.4, 0.0, 0.03, 0.697, 0.753, 0.715, 0.734, 0.744, 0.731, 0.743, 0.729, 0.73075, 0.01781452056209045]
[0.4, 0.0, 0.01, 0.789, 0.629, 0.741, 0.788, 0.752, 0.731, 0.765, 0.795, 0.74875, 0.05383771911959125]
[0.4, 0.1, 1, 0.792, 0.794, 0.795, 0.791, 0.795, 0.796, 0.796, 0.791, 0.7937500000000001, 0.0021213203435596446]
[0.4, 0.1, 0.3, 0.792, 0.789, 0.796, 0.791, 0.796, 0.796, 0.795, 0.791, 0.79325, 0.0028157719063467202]
[0.4, 0.1, 0.1, 0.796, 0.785, 0.797, 0.796, 0.796, 0.796, 0.786, 0.791, 0.792875, 0.004911720676097129]
[0.4, 0.1, 0.03, 0.691, 0.752, 0.738, 0.721, 0.745, 0.729, 0.751, 0.723, 0.73125, 0.020190167338158885]
[0.4, 0.1, 0.01, 0.799, 0.63, 0.747, 0.793, 0.733, 0.799, 0.806, 0.783, 0.76125, 0.05923500413003882]
[0.4, 0.2, 1, 0.787, 0.79, 0.789, 0.785, 0.792, 0.791, 0.79, 0.791, 0.7893749999999999, 0.002326094212561971]
[0.4, 0.2, 0.3, 0.787, 0.789, 0.792, 0.785, 0.791, 0.79, 0.789, 0.789, 0.7889999999999999, 0.002203892660077361]
[0.4, 0.2, 0.1, 0.799, 0.788, 0.801, 0.792, 0.795, 0.79, 0.786, 0.78, 0.7913749999999999, 0.006926914382114372]
[0.4, 0.2, 0.03, 0.685, 0.722, 0.696, 0.765, 0.715, 0.725, 0.773, 0.77, 0.731375, 0.0341297419520612]
[0.4, 0.2, 0.01, 0.75, 0.717, 0.786, 0.725, 0.729, 0.728, 0.744, 0.781, 0.745, 0.026000000000000023]
[0.4, 0.3, 1, 0.785, 0.795, 0.788, 0.786, 0.788, 0.788, 0.79, 0.791, 0.788875, 0.0031367635732209294]
[0.4, 0.3, 0.3, 0.784, 0.794, 0.787, 0.785, 0.788, 0.788, 0.79, 0.791, 0.788375, 0.0032486260832190962]
[0.4, 0.3, 0.1, 0.795, 0.789, 0.801, 0.787, 0.795, 0.786, 0.783, 0.773, 0.788625, 0.008617880084037912]
[0.4, 0.3, 0.03, 0.685, 0.692, 0.686, 0.765, 0.705, 0.716, 0.777, 0.779, 0.725625, 0.04124469662877884]
[0.4, 0.3, 0.01, 0.726, 0.667, 0.767, 0.738, 0.766, 0.749, 0.779, 0.756, 0.7435, 0.03524202037341219]
[0.5, 0.0, 1, 0.787, 0.789, 0.792, 0.79, 0.79, 0.789, 0.788, 0.795, 0.79, 0.002507132682112037]
[0.5, 0.0, 0.3, 0.787, 0.789, 0.793, 0.79, 0.79, 0.789, 0.789, 0.797, 0.7905, 0.0031167748898959214]
[0.5, 0.0, 0.1, 0.789, 0.785, 0.794, 0.794, 0.794, 0.789, 0.789, 0.783, 0.789625, 0.004206712323350458]
[0.5, 0.0, 0.03, 0.659, 0.757, 0.72, 0.723, 0.719, 0.736, 0.734, 0.699, 0.718375, 0.0292083036138698]
[0.5, 0.0, 0.01, 0.681, 0.625, 0.765, 0.737, 0.675, 0.716, 0.687, 0.73, 0.702, 0.043912250161950404]
[0.5, 0.1, 1, 0.793, 0.791, 0.795, 0.789, 0.796, 0.796, 0.797, 0.793, 0.7937500000000001, 0.002764571782909092]
[0.5, 0.1, 0.3, 0.793, 0.789, 0.796, 0.79, 0.797, 0.796, 0.795, 0.788, 0.793, 0.0035456210417116763]
[0.5, 0.1, 0.1, 0.797, 0.786, 0.798, 0.792, 0.797, 0.797, 0.783, 0.792, 0.7927500000000001, 0.005650537269018893]
[0.5, 0.1, 0.03, 0.653, 0.753, 0.693, 0.694, 0.744, 0.714, 0.763, 0.68, 0.71175, 0.03872891131220411]
[0.5, 0.1, 0.01, 0.787, 0.623, 0.796, 0.777, 0.656, 0.742, 0.666, 0.734, 0.7226250000000001, 0.06607341695849724]
[0.5, 0.2, 1, 0.79, 0.791, 0.791, 0.786, 0.791, 0.79, 0.788, 0.791, 0.78975, 0.0018322507626258103]
[0.5, 0.2, 0.3, 0.789, 0.79, 0.791, 0.786, 0.79, 0.791, 0.789, 0.79, 0.7895000000000001, 0.0016035674514745476]
[0.5, 0.2, 0.1, 0.799, 0.788, 0.802, 0.792, 0.795, 0.788, 0.786, 0.779, 0.7911250000000001, 0.0074534268245265226]
[0.5, 0.2, 0.03, 0.666, 0.727, 0.667, 0.692, 0.782, 0.696, 0.738, 0.767, 0.7168749999999999, 0.0438061884082277]
[0.5, 0.2, 0.01, 0.78, 0.699, 0.728, 0.724, 0.697, 0.732, 0.781, 0.788, 0.741125, 0.03697272160467965]
[0.5, 0.3, 1, 0.784, 0.794, 0.788, 0.786, 0.79, 0.788, 0.79, 0.79, 0.7887500000000001, 0.0030118812346154335]
[0.5, 0.3, 0.3, 0.783, 0.791, 0.789, 0.786, 0.789, 0.789, 0.79, 0.788, 0.788125, 0.0025319388392523027]
[0.5, 0.3, 0.1, 0.795, 0.786, 0.802, 0.79, 0.797, 0.786, 0.784, 0.774, 0.78925, 0.008762745818846649]
[0.5, 0.3, 0.03, 0.678, 0.693, 0.655, 0.729, 0.699, 0.687, 0.747, 0.787, 0.709375, 0.04250021008351437]
[0.5, 0.3, 0.01, 0.776, 0.781, 0.75, 0.736, 0.726, 0.758, 0.72, 0.773, 0.7525, 0.023458169457264033]
[0.6, 0.0, 1, 0.788, 0.788, 0.793, 0.79, 0.79, 0.789, 0.791, 0.795, 0.7905, 0.00244948974278318]
[0.6, 0.0, 0.3, 0.787, 0.789, 0.792, 0.791, 0.793, 0.788, 0.789, 0.796, 0.790625, 0.0029730936268953473]
[0.6, 0.0, 0.1, 0.788, 0.786, 0.795, 0.793, 0.796, 0.79, 0.786, 0.781, 0.789375, 0.0051252177654083336]
[0.6, 0.0, 0.03, 0.62, 0.751, 0.765, 0.709, 0.711, 0.769, 0.701, 0.707, 0.716625, 0.04785077249712307]
[0.6, 0.0, 0.01, 0.797, 0.605, 0.762, 0.76, 0.683, 0.795, 0.649, 0.685, 0.7170000000000001, 0.07142028523365854]
[0.6, 0.1, 1, 0.794, 0.79, 0.795, 0.79, 0.797, 0.793, 0.795, 0.793, 0.7933749999999999, 0.002445841952609135]
[0.6, 0.1, 0.3, 0.795, 0.789, 0.798, 0.791, 0.797, 0.792, 0.793, 0.789, 0.793, 0.0034226138716317]
[0.6, 0.1, 0.1, 0.797, 0.786, 0.797, 0.792, 0.798, 0.792, 0.782, 0.789, 0.791625, 0.0057305571905605975]
[0.6, 0.1, 0.03, 0.601, 0.756, 0.628, 0.665, 0.782, 0.787, 0.695, 0.692, 0.70075, 0.06940924187125846]
[0.6, 0.1, 0.01, 0.705, 0.634, 0.766, 0.772, 0.712, 0.756, 0.777, 0.691, 0.726625, 0.05005693187333229]
[0.6, 0.2, 1, 0.791, 0.792, 0.791, 0.786, 0.791, 0.79, 0.788, 0.791, 0.79, 0.0020000000000000018]
[0.6, 0.2, 0.3, 0.792, 0.789, 0.792, 0.787, 0.79, 0.791, 0.788, 0.79, 0.789875, 0.001807721533549111]
[0.6, 0.2, 0.1, 0.798, 0.788, 0.8, 0.791, 0.797, 0.789, 0.785, 0.778, 0.7907500000000001, 0.007401737247816514]
[0.6, 0.2, 0.03, 0.645, 0.737, 0.653, 0.647, 0.757, 0.698, 0.705, 0.676, 0.6897500000000001, 0.042131596558538195]
[0.6, 0.2, 0.01, 0.702, 0.681, 0.764, 0.762, 0.684, 0.778, 0.767, 0.691, 0.728625, 0.04252709220518812]
[0.6, 0.3, 1, 0.783, 0.793, 0.788, 0.787, 0.79, 0.785, 0.791, 0.79, 0.788375, 0.0032923070504261498]
[0.6, 0.3, 0.3, 0.785, 0.789, 0.79, 0.786, 0.789, 0.786, 0.791, 0.789, 0.7881250000000001, 0.0021671244937540115]
[0.6, 0.3, 0.1, 0.796, 0.787, 0.801, 0.79, 0.797, 0.787, 0.785, 0.775, 0.7897500000000001, 0.008224527776283406]
[0.6, 0.3, 0.03, 0.667, 0.703, 0.701, 0.661, 0.739, 0.674, 0.71, 0.779, 0.70425, 0.039665566211225856]
[0.6, 0.3, 0.01, 0.79, 0.728, 0.718, 0.744, 0.723, 0.753, 0.766, 0.707, 0.741125, 0.027663475145810197]
[0.7, 0.0, 1, 0.787, 0.79, 0.792, 0.791, 0.79, 0.787, 0.789, 0.795, 0.790125, 0.002642374473299133]
[0.7, 0.0, 0.3, 0.788, 0.789, 0.792, 0.791, 0.793, 0.787, 0.789, 0.792, 0.790125, 0.0021671244937540115]
[0.7, 0.0, 0.1, 0.786, 0.787, 0.797, 0.791, 0.795, 0.787, 0.782, 0.781, 0.7882500000000001, 0.005725881092523172]
[0.7, 0.0, 0.03, 0.605, 0.752, 0.762, 0.712, 0.719, 0.751, 0.652, 0.706, 0.7073750000000001, 0.0542268713040737]
[0.7, 0.0, 0.01, 0.76, 0.622, 0.624, 0.78, 0.691, 0.759, 0.779, 0.768, 0.7228749999999999, 0.06771882519443384]
[0.7, 0.1, 1, 0.797, 0.79, 0.796, 0.789, 0.797, 0.793, 0.793, 0.793, 0.7935000000000001, 0.0030237157840738204]
[0.7, 0.1, 0.3, 0.798, 0.789, 0.797, 0.79, 0.797, 0.793, 0.791, 0.791, 0.79325, 0.003575711717366811]
[0.7, 0.1, 0.1, 0.796, 0.785, 0.797, 0.791, 0.797, 0.793, 0.781, 0.788, 0.7909999999999999, 0.005928141120356128]
[0.7, 0.1, 0.03, 0.576, 0.756, 0.74, 0.65, 0.779, 0.742, 0.678, 0.7, 0.702625, 0.06659673415416106]
[0.7, 0.1, 0.01, 0.779, 0.668, 0.593, 0.772, 0.723, 0.721, 0.787, 0.742, 0.723125, 0.06538116264316068]
[0.7, 0.2, 1, 0.792, 0.793, 0.791, 0.786, 0.791, 0.791, 0.789, 0.789, 0.79025, 0.0021876275473019383]
[0.7, 0.2, 0.3, 0.793, 0.789, 0.791, 0.787, 0.789, 0.791, 0.787, 0.789, 0.7895000000000001, 0.0020701966780270645]
[0.7, 0.2, 0.1, 0.796, 0.787, 0.8, 0.791, 0.794, 0.79, 0.785, 0.777, 0.79, 0.0071314194139135405]
[0.7, 0.2, 0.03, 0.576, 0.737, 0.697, 0.627, 0.768, 0.758, 0.671, 0.686, 0.69, 0.06580056447869036]
[0.7, 0.2, 0.01, 0.774, 0.696, 0.68, 0.759, 0.696, 0.799, 0.782, 0.739, 0.740625, 0.04509018740258241]
[0.7, 0.3, 1, 0.786, 0.792, 0.789, 0.785, 0.79, 0.786, 0.791, 0.79, 0.788625, 0.0026152028055746895]
[0.7, 0.3, 0.3, 0.786, 0.79, 0.79, 0.786, 0.788, 0.784, 0.791, 0.788, 0.7878750000000001, 0.0024164614034338982]
[0.7, 0.3, 0.1, 0.797, 0.787, 0.801, 0.79, 0.797, 0.785, 0.781, 0.774, 0.7890000000000001, 0.00911827051270455]
[0.7, 0.3, 0.03, 0.718, 0.703, 0.723, 0.65, 0.742, 0.705, 0.68, 0.783, 0.713, 0.03979949748426479]
[0.7, 0.3, 0.01, 0.631, 0.682, 0.707, 0.727, 0.687, 0.707, 0.783, 0.757, 0.710125, 0.046902444346902494]
[0.8, 0.0, 1, 0.786, 0.788, 0.791, 0.789, 0.789, 0.787, 0.79, 0.798, 0.78975, 0.0036936238496708303]
[0.8, 0.0, 0.3, 0.788, 0.791, 0.793, 0.789, 0.789, 0.786, 0.789, 0.794, 0.7898750000000001, 0.002642374473299133]
[0.8, 0.0, 0.1, 0.788, 0.787, 0.797, 0.79, 0.794, 0.787, 0.781, 0.781, 0.788125, 0.005617256574927968]
[0.8, 0.0, 0.03, 0.725, 0.773, 0.768, 0.715, 0.747, 0.731, 0.648, 0.703, 0.72625, 0.03995265054679459]
[0.8, 0.0, 0.01, 0.784, 0.726, 0.567, 0.73, 0.686, 0.663, 0.78, 0.664, 0.7, 0.0712961629903241]
[0.8, 0.1, 1, 0.798, 0.792, 0.795, 0.79, 0.796, 0.792, 0.792, 0.791, 0.79325, 0.002764571782909092]
[0.8, 0.1, 0.3, 0.798, 0.789, 0.797, 0.79, 0.797, 0.792, 0.789, 0.791, 0.792875, 0.003833592123769637]
[0.8, 0.1, 0.1, 0.797, 0.785, 0.797, 0.79, 0.795, 0.792, 0.781, 0.784, 0.7901250000000001, 0.006197637798848393]
[0.8, 0.1, 0.03, 0.676, 0.748, 0.744, 0.69, 0.778, 0.764, 0.662, 0.704, 0.72075, 0.04327899523523425]
[0.8, 0.1, 0.01, 0.772, 0.64, 0.762, 0.73, 0.72, 0.682, 0.768, 0.709, 0.7228749999999999, 0.045936096917348124]
[0.8, 0.2, 1, 0.793, 0.793, 0.791, 0.784, 0.791, 0.792, 0.787, 0.792, 0.790375, 0.0032043497223082818]
[0.8, 0.2, 0.3, 0.795, 0.791, 0.792, 0.786, 0.79, 0.792, 0.786, 0.788, 0.79, 0.003162277660168382]
[0.8, 0.2, 0.1, 0.797, 0.786, 0.799, 0.791, 0.794, 0.79, 0.785, 0.775, 0.789625, 0.007670677004951115]
[0.8, 0.2, 0.03, 0.691, 0.76, 0.736, 0.666, 0.757, 0.767, 0.681, 0.692, 0.71875, 0.04050308630215727]
[0.8, 0.2, 0.01, 0.765, 0.615, 0.68, 0.728, 0.733, 0.69, 0.779, 0.718, 0.7135, 0.052002747180179956]
[0.8, 0.3, 1, 0.787, 0.792, 0.789, 0.785, 0.79, 0.785, 0.792, 0.791, 0.7888750000000001, 0.0029001231500945437]
[0.8, 0.3, 0.3, 0.787, 0.791, 0.79, 0.786, 0.79, 0.785, 0.791, 0.788, 0.7885, 0.0023299294900428723]
[0.8, 0.3, 0.1, 0.797, 0.787, 0.801, 0.792, 0.796, 0.785, 0.78, 0.771, 0.788625, 0.009927415143357892]
[0.8, 0.3, 0.03, 0.709, 0.712, 0.708, 0.716, 0.741, 0.743, 0.754, 0.764, 0.7308749999999999, 0.022235348305923053]
[0.8, 0.3, 0.01, 0.633, 0.673, 0.718, 0.709, 0.706, 0.736, 0.708, 0.709, 0.6990000000000001, 0.031829905075932224]
[0.9, 0.0, 1, 0.787, 0.789, 0.792, 0.789, 0.787, 0.786, 0.79, 0.797, 0.789625, 0.0035431019500674053]
[0.9, 0.0, 0.3, 0.788, 0.791, 0.792, 0.789, 0.788, 0.787, 0.789, 0.791, 0.789375, 0.0017677669529663704]
[0.9, 0.0, 0.1, 0.789, 0.787, 0.798, 0.79, 0.792, 0.786, 0.783, 0.779, 0.788, 0.0057569833370314]
[0.9, 0.0, 0.03, 0.753, 0.766, 0.756, 0.733, 0.766, 0.776, 0.702, 0.734, 0.74825, 0.024075773240809072]
[0.9, 0.0, 0.01, 0.769, 0.635, 0.659, 0.664, 0.684, 0.666, 0.721, 0.735, 0.6916249999999999, 0.04548135410724455]
[0.9, 0.1, 1, 0.797, 0.792, 0.795, 0.789, 0.797, 0.793, 0.792, 0.79, 0.7931250000000001, 0.0029970223317724665]
[0.9, 0.1, 0.3, 0.797, 0.79, 0.796, 0.79, 0.797, 0.793, 0.788, 0.79, 0.792625, 0.0036228441865473627]
[0.9, 0.1, 0.1, 0.797, 0.786, 0.797, 0.789, 0.792, 0.793, 0.781, 0.784, 0.7898750000000001, 0.005914570386523684]
[0.9, 0.1, 0.03, 0.734, 0.733, 0.762, 0.702, 0.777, 0.757, 0.637, 0.698, 0.725, 0.0451093908499898]
[0.9, 0.1, 0.01, 0.755, 0.611, 0.668, 0.736, 0.725, 0.698, 0.697, 0.652, 0.69275, 0.04749060057376767]
[0.9, 0.2, 1, 0.794, 0.793, 0.792, 0.784, 0.791, 0.792, 0.786, 0.792, 0.7905000000000001, 0.0035456210417116763]
[0.9, 0.2, 0.3, 0.796, 0.791, 0.793, 0.786, 0.789, 0.791, 0.785, 0.79, 0.7901250000000001, 0.0035632048174962655]
[0.9, 0.2, 0.1, 0.797, 0.785, 0.799, 0.79, 0.794, 0.79, 0.784, 0.775, 0.78925, 0.007814821083775923]
[0.9, 0.2, 0.03, 0.676, 0.727, 0.744, 0.74, 0.745, 0.763, 0.694, 0.694, 0.7228749999999999, 0.03098588388282639]
[0.9, 0.2, 0.01, 0.732, 0.677, 0.669, 0.688, 0.673, 0.672, 0.777, 0.762, 0.70625, 0.044128869721047036]
[0.9, 0.3, 1, 0.788, 0.792, 0.789, 0.785, 0.789, 0.785, 0.792, 0.791, 0.788875, 0.0027998724460742367]
[0.9, 0.3, 0.3, 0.787, 0.791, 0.79, 0.785, 0.79, 0.784, 0.789, 0.788, 0.788, 0.002507132682112037]
[0.9, 0.3, 0.1, 0.798, 0.785, 0.802, 0.792, 0.794, 0.784, 0.779, 0.77, 0.788, 0.010542431272854346]
[0.9, 0.3, 0.03, 0.701, 0.724, 0.634, 0.713, 0.738, 0.736, 0.762, 0.763, 0.7213749999999999, 0.041403717914492384]
[0.9, 0.3, 0.01, 0.69, 0.611, 0.706, 0.691, 0.683, 0.765, 0.72, 0.729, 0.6993749999999999, 0.04454512158635171]
[1.0, 0.0, 1, 0.788, 0.788, 0.794, 0.787, 0.787, 0.786, 0.79, 0.795, 0.7893749999999999, 0.003377974879378813]
[1.0, 0.0, 0.3, 0.788, 0.79, 0.796, 0.788, 0.788, 0.787, 0.788, 0.788, 0.7891250000000001, 0.0029001231500945437]
[1.0, 0.0, 0.1, 0.79, 0.785, 0.799, 0.79, 0.794, 0.786, 0.783, 0.78, 0.788375, 0.006162965427222753]
[1.0, 0.0, 0.03, 0.743, 0.768, 0.785, 0.744, 0.75, 0.776, 0.73, 0.76, 0.757, 0.01858570879543129]
[1.0, 0.0, 0.01, 0.753, 0.766, 0.767, 0.739, 0.77, 0.643, 0.759, 0.742, 0.742375, 0.04175417002271407]
[1.0, 0.1, 1, 0.796, 0.791, 0.794, 0.789, 0.797, 0.792, 0.791, 0.79, 0.7925, 0.0028784916685157]
[1.0, 0.1, 0.3, 0.795, 0.791, 0.796, 0.79, 0.796, 0.791, 0.788, 0.789, 0.792, 0.003207134902949095]
[1.0, 0.1, 0.1, 0.796, 0.785, 0.796, 0.788, 0.793, 0.793, 0.78, 0.782, 0.7891250000000001, 0.006289163014946544]
[1.0, 0.1, 0.03, 0.725, 0.746, 0.756, 0.713, 0.759, 0.791, 0.616, 0.722, 0.7284999999999999, 0.05189274653414621]
[1.0, 0.1, 0.01, 0.756, 0.637, 0.648, 0.696, 0.778, 0.776, 0.77, 0.77, 0.728875, 0.059539752626771504]
[1.0, 0.2, 1, 0.794, 0.792, 0.793, 0.783, 0.791, 0.792, 0.787, 0.793, 0.790625, 0.0037392703642746775]
[1.0, 0.2, 0.3, 0.797, 0.79, 0.793, 0.784, 0.79, 0.791, 0.787, 0.792, 0.7905, 0.003891382420536071]
[1.0, 0.2, 0.1, 0.796, 0.785, 0.8, 0.789, 0.793, 0.792, 0.781, 0.776, 0.7889999999999999, 0.007964205637009352]
[1.0, 0.2, 0.03, 0.537, 0.739, 0.757, 0.659, 0.731, 0.787, 0.63, 0.721, 0.695125, 0.08167957866828507]
[1.0, 0.2, 0.01, 0.692, 0.722, 0.677, 0.68, 0.676, 0.667, 0.747, 0.711, 0.6965, 0.027707657528457445]
[1.0, 0.3, 1, 0.788, 0.792, 0.791, 0.785, 0.789, 0.784, 0.791, 0.792, 0.789, 0.0031167748898959214]
[1.0, 0.3, 0.3, 0.787, 0.79, 0.791, 0.785, 0.789, 0.782, 0.789, 0.788, 0.787625, 0.0029246489410818944]
[1.0, 0.3, 0.1, 0.796, 0.786, 0.802, 0.79, 0.794, 0.786, 0.776, 0.77, 0.7875000000000001, 0.010515294982615978]
[1.0, 0.3, 0.03, 0.705, 0.779, 0.577, 0.705, 0.741, 0.741, 0.766, 0.773, 0.723375, 0.06556989182761945]
[1.0, 0.3, 0.01, 0.685, 0.715, 0.71, 0.697, 0.684, 0.665, 0.738, 0.759, 0.7066250000000001, 0.030738238168676563]
[1.1, 0.0, 1, 0.79, 0.788, 0.796, 0.787, 0.788, 0.786, 0.79, 0.794, 0.7898750000000001, 0.003482097069296033]
[1.1, 0.0, 0.3, 0.788, 0.789, 0.795, 0.788, 0.789, 0.785, 0.788, 0.789, 0.788875, 0.0027998724460742363]
[1.1, 0.0, 0.1, 0.789, 0.784, 0.801, 0.789, 0.796, 0.786, 0.781, 0.783, 0.788625, 0.0068230177655178]
[1.1, 0.0, 0.03, 0.726, 0.762, 0.789, 0.738, 0.802, 0.774, 0.775, 0.776, 0.76775, 0.02520062357505127]
[1.1, 0.0, 0.01, 0.694, 0.795, 0.735, 0.692, 0.627, 0.665, 0.771, 0.699, 0.70975, 0.055013634673597066]
[1.1, 0.1, 1, 0.795, 0.791, 0.798, 0.789, 0.796, 0.794, 0.79, 0.792, 0.7931250000000001, 0.0031367635732209294]
[1.1, 0.1, 0.3, 0.797, 0.791, 0.797, 0.787, 0.796, 0.791, 0.788, 0.788, 0.7918750000000001, 0.00422365785952008]
[1.1, 0.1, 0.1, 0.793, 0.785, 0.797, 0.786, 0.791, 0.792, 0.781, 0.781, 0.7882500000000001, 0.005873670062235371]
[1.1, 0.1, 0.03, 0.733, 0.718, 0.758, 0.707, 0.784, 0.781, 0.589, 0.767, 0.729625, 0.06350688939004967]
[1.1, 0.1, 0.01, 0.635, 0.774, 0.768, 0.681, 0.685, 0.751, 0.754, 0.778, 0.7282500000000001, 0.05362235674471182]
[1.1, 0.2, 1, 0.796, 0.792, 0.792, 0.783, 0.79, 0.793, 0.786, 0.793, 0.7906250000000001, 0.004206712323350458]
[1.1, 0.2, 0.3, 0.797, 0.788, 0.795, 0.784, 0.789, 0.79, 0.786, 0.792, 0.790125, 0.004389516732267594]
[1.1, 0.2, 0.1, 0.794, 0.785, 0.8, 0.79, 0.793, 0.792, 0.779, 0.774, 0.788375, 0.008534593470944346]
[1.1, 0.2, 0.03, 0.718, 0.725, 0.765, 0.71, 0.633, 0.794, 0.755, 0.753, 0.731625, 0.048450084770676256]
[1.1, 0.2, 0.01, 0.668, 0.62, 0.748, 0.7, 0.715, 0.683, 0.729, 0.697, 0.695, 0.039446165846632034]
[1.1, 0.3, 1, 0.789, 0.792, 0.79, 0.785, 0.788, 0.788, 0.79, 0.791, 0.7891250000000001, 0.0021671244937540115]
[1.1, 0.3, 0.3, 0.788, 0.789, 0.789, 0.785, 0.788, 0.783, 0.788, 0.788, 0.78725, 0.0021213203435596446]
[1.1, 0.3, 0.1, 0.793, 0.786, 0.8, 0.79, 0.792, 0.786, 0.774, 0.77, 0.786375, 0.009970492178709859]
[1.1, 0.3, 0.03, 0.715, 0.772, 0.642, 0.698, 0.767, 0.748, 0.755, 0.763, 0.7325, 0.044903070210016986]
[1.1, 0.3, 0.01, 0.656, 0.659, 0.699, 0.737, 0.751, 0.658, 0.542, 0.747, 0.681125, 0.06935918416887144]
[1.2, 0.0, 1, 0.789, 0.788, 0.793, 0.787, 0.79, 0.786, 0.789, 0.793, 0.789375, 0.0025599944196367775]
[1.2, 0.0, 0.3, 0.787, 0.788, 0.793, 0.789, 0.79, 0.785, 0.789, 0.788, 0.788625, 0.002326094212561971]
[1.2, 0.0, 0.1, 0.787, 0.784, 0.797, 0.79, 0.797, 0.785, 0.779, 0.783, 0.7877500000000001, 0.006519202405202654]
[1.2, 0.0, 0.03, 0.721, 0.761, 0.787, 0.727, 0.791, 0.784, 0.782, 0.78, 0.7666250000000001, 0.027799987153131693]
[1.2, 0.0, 0.01, 0.675, 0.777, 0.725, 0.676, 0.665, 0.776, 0.759, 0.701, 0.71925, 0.04671111828492838]
[1.2, 0.1, 1, 0.795, 0.791, 0.798, 0.788, 0.795, 0.791, 0.789, 0.79, 0.792125, 0.003482097069296033]
[1.2, 0.1, 0.3, 0.795, 0.79, 0.796, 0.787, 0.794, 0.791, 0.787, 0.79, 0.79125, 0.003453776401067598]
[1.2, 0.1, 0.1, 0.791, 0.786, 0.798, 0.787, 0.789, 0.79, 0.782, 0.781, 0.788, 0.0053984124650546285]
[1.2, 0.1, 0.03, 0.668, 0.703, 0.782, 0.71, 0.779, 0.78, 0.756, 0.787, 0.745625, 0.04559115672395879]
[1.2, 0.1, 0.01, 0.737, 0.727, 0.67, 0.696, 0.708, 0.771, 0.727, 0.737, 0.721625, 0.030415867569411857]
[1.2, 0.2, 1, 0.797, 0.792, 0.792, 0.782, 0.79, 0.793, 0.786, 0.793, 0.7906250000000001, 0.004657942525560895]
[1.2, 0.2, 0.3, 0.798, 0.791, 0.794, 0.782, 0.79, 0.792, 0.787, 0.791, 0.790625, 0.004718883039751799]
[1.2, 0.2, 0.1, 0.794, 0.784, 0.796, 0.79, 0.792, 0.793, 0.779, 0.773, 0.787625, 0.008158037228927774]
[1.2, 0.2, 0.03, 0.678, 0.698, 0.739, 0.598, 0.751, 0.788, 0.595, 0.764, 0.7013750000000001, 0.07354675383727008]
[1.2, 0.2, 0.01, 0.741, 0.646, 0.666, 0.771, 0.775, 0.669, 0.725, 0.723, 0.7144999999999999, 0.04906555381760783]
[1.2, 0.3, 1, 0.79, 0.792, 0.788, 0.784, 0.788, 0.788, 0.789, 0.792, 0.788875, 0.0025877458475338307]
[1.2, 0.3, 0.3, 0.788, 0.791, 0.791, 0.784, 0.791, 0.785, 0.786, 0.788, 0.788, 0.0028284271247461927]
[1.2, 0.3, 0.1, 0.793, 0.785, 0.798, 0.788, 0.791, 0.788, 0.774, 0.771, 0.786, 0.009227288721117232]
[1.2, 0.3, 0.03, 0.716, 0.742, 0.695, 0.687, 0.771, 0.77, 0.762, 0.753, 0.737, 0.03350053304479967]
[1.2, 0.3, 0.01, 0.765, 0.648, 0.674, 0.741, 0.76, 0.678, 0.536, 0.694, 0.687, 0.07459413994601527]
[1.3, 0.0, 1, 0.789, 0.788, 0.793, 0.788, 0.79, 0.786, 0.79, 0.792, 0.7895000000000001, 0.0022677868380553655]
[1.3, 0.0, 0.3, 0.786, 0.787, 0.793, 0.789, 0.789, 0.787, 0.789, 0.786, 0.7882500000000001, 0.002314550249431381]
[1.3, 0.0, 0.1, 0.787, 0.784, 0.794, 0.79, 0.795, 0.785, 0.779, 0.782, 0.787, 0.005656854249492385]
[1.3, 0.0, 0.03, 0.728, 0.742, 0.775, 0.723, 0.746, 0.763, 0.754, 0.778, 0.751125, 0.020272694513979724]
[1.3, 0.0, 0.01, 0.77, 0.711, 0.668, 0.689, 0.598, 0.687, 0.734, 0.7, 0.694625, 0.050233561632495406]
[1.3, 0.1, 1, 0.796, 0.792, 0.798, 0.785, 0.794, 0.79, 0.789, 0.79, 0.7917500000000001, 0.0041661904489764855]
[1.3, 0.1, 0.3, 0.796, 0.79, 0.798, 0.788, 0.794, 0.791, 0.785, 0.79, 0.7915000000000001, 0.004276179870598794]
[1.3, 0.1, 0.1, 0.792, 0.785, 0.799, 0.785, 0.789, 0.79, 0.78, 0.781, 0.787625, 0.00623211727379113]
[1.3, 0.1, 0.03, 0.645, 0.722, 0.769, 0.727, 0.728, 0.782, 0.787, 0.779, 0.742375, 0.04773718975509855]
[1.3, 0.1, 0.01, 0.755, 0.66, 0.663, 0.715, 0.76, 0.775, 0.697, 0.741, 0.72075, 0.044222650951100353]
[1.3, 0.2, 1, 0.797, 0.792, 0.791, 0.781, 0.791, 0.794, 0.785, 0.792, 0.790375, 0.005069164484550547]
[1.3, 0.2, 0.3, 0.797, 0.791, 0.795, 0.782, 0.79, 0.792, 0.787, 0.79, 0.7905, 0.004629100498862762]
[1.3, 0.2, 0.1, 0.794, 0.785, 0.796, 0.79, 0.792, 0.791, 0.778, 0.772, 0.78725, 0.008362330502232708]
[1.3, 0.2, 0.03, 0.716, 0.706, 0.77, 0.66, 0.781, 0.787, 0.579, 0.781, 0.7225, 0.07375054479217669]
[1.3, 0.2, 0.01, 0.773, 0.622, 0.655, 0.63, 0.768, 0.687, 0.717, 0.743, 0.6993750000000001, 0.06007837143503238]
[1.3, 0.3, 1, 0.789, 0.791, 0.788, 0.784, 0.79, 0.786, 0.788, 0.791, 0.788375, 0.0024458419526091355]
[1.3, 0.3, 0.3, 0.788, 0.793, 0.79, 0.784, 0.79, 0.786, 0.785, 0.788, 0.788, 0.0029760952365713825]
[1.3, 0.3, 0.1, 0.792, 0.785, 0.798, 0.787, 0.79, 0.787, 0.774, 0.77, 0.7853749999999999, 0.009226321043622976]
[1.3, 0.3, 0.03, 0.709, 0.729, 0.724, 0.694, 0.768, 0.789, 0.655, 0.778, 0.73075, 0.04570636092024206]
[1.3, 0.3, 0.01, 0.762, 0.701, 0.683, 0.679, 0.723, 0.743, 0.55, 0.707, 0.6935, 0.06454677152488505]
[1.4, 0.0, 1, 0.79, 0.788, 0.792, 0.786, 0.789, 0.785, 0.789, 0.788, 0.788375, 0.002199837656347787]
[1.4, 0.0, 0.3, 0.786, 0.787, 0.793, 0.788, 0.788, 0.786, 0.789, 0.788, 0.788125, 0.002232071427428537]
[1.4, 0.0, 0.1, 0.785, 0.784, 0.793, 0.789, 0.795, 0.785, 0.779, 0.783, 0.786625, 0.00534355419440764]
[1.4, 0.0, 0.03, 0.703, 0.729, 0.802, 0.701, 0.744, 0.751, 0.747, 0.768, 0.743125, 0.03326704718744107]
[1.4, 0.0, 0.01, 0.742, 0.633, 0.657, 0.695, 0.646, 0.693, 0.681, 0.735, 0.6852499999999999, 0.03952847075210473]
[1.4, 0.1, 1, 0.794, 0.791, 0.798, 0.783, 0.794, 0.791, 0.788, 0.789, 0.7909999999999999, 0.004535573676110731]
[1.4, 0.1, 0.3, 0.796, 0.789, 0.797, 0.785, 0.793, 0.791, 0.785, 0.789, 0.790625, 0.004533604683755683]
[1.4, 0.1, 0.1, 0.792, 0.788, 0.799, 0.785, 0.79, 0.791, 0.778, 0.784, 0.788375, 0.006254998001598407]
[1.4, 0.1, 0.03, 0.625, 0.728, 0.78, 0.723, 0.787, 0.78, 0.788, 0.77, 0.747625, 0.05581330486541719]
[1.4, 0.1, 0.01, 0.759, 0.639, 0.664, 0.679, 0.754, 0.637, 0.695, 0.771, 0.6997500000000001, 0.05462796248913449]
[1.4, 0.2, 1, 0.797, 0.793, 0.792, 0.78, 0.791, 0.793, 0.785, 0.79, 0.790125, 0.005303300858899111]
[1.4, 0.2, 0.3, 0.797, 0.792, 0.795, 0.782, 0.79, 0.793, 0.785, 0.788, 0.79025, 0.005063877678504605]
[1.4, 0.2, 0.1, 0.794, 0.785, 0.796, 0.79, 0.791, 0.793, 0.779, 0.773, 0.787625, 0.008034523721327328]
[1.4, 0.2, 0.03, 0.697, 0.727, 0.781, 0.659, 0.763, 0.785, 0.627, 0.775, 0.72675, 0.06024177477939565]
[1.4, 0.2, 0.01, 0.756, 0.676, 0.659, 0.716, 0.728, 0.714, 0.715, 0.729, 0.711625, 0.030738238168676563]
[1.4, 0.3, 1, 0.789, 0.791, 0.792, 0.784, 0.79, 0.786, 0.787, 0.793, 0.789, 0.0031167748898959214]
[1.4, 0.3, 0.3, 0.788, 0.791, 0.789, 0.785, 0.79, 0.785, 0.786, 0.788, 0.7877500000000001, 0.0022519832529192085]
[1.4, 0.3, 0.1, 0.794, 0.785, 0.797, 0.786, 0.789, 0.789, 0.774, 0.771, 0.785625, 0.009038607667745554]
[1.4, 0.3, 0.03, 0.781, 0.724, 0.721, 0.676, 0.729, 0.794, 0.727, 0.778, 0.74125, 0.03969796684250432]
[1.4, 0.3, 0.01, 0.662, 0.633, 0.661, 0.737, 0.647, 0.752, 0.615, 0.714, 0.6776249999999999, 0.05035853594830912]
[1.5, 0.0, 1, 0.789, 0.788, 0.793, 0.787, 0.789, 0.784, 0.788, 0.788, 0.78825, 0.002492846909516452]
[1.5, 0.0, 0.3, 0.786, 0.787, 0.792, 0.788, 0.788, 0.785, 0.79, 0.788, 0.788, 0.002203892660077361]
[1.5, 0.0, 0.1, 0.784, 0.783, 0.794, 0.788, 0.796, 0.786, 0.779, 0.784, 0.7867500000000001, 0.005725881092523172]
[1.5, 0.0, 0.03, 0.609, 0.752, 0.767, 0.703, 0.703, 0.758, 0.722, 0.762, 0.722, 0.052524824063076535]
[1.5, 0.0, 0.01, 0.739, 0.669, 0.657, 0.707, 0.703, 0.68, 0.587, 0.723, 0.683125, 0.047522738918182254]
[1.5, 0.1, 1, 0.795, 0.79, 0.799, 0.783, 0.793, 0.79, 0.788, 0.79, 0.791, 0.004780914437337579]
[1.5, 0.1, 0.3, 0.797, 0.79, 0.796, 0.784, 0.792, 0.791, 0.783, 0.791, 0.7905, 0.004985693819032904]
[1.5, 0.1, 0.1, 0.791, 0.786, 0.799, 0.784, 0.79, 0.79, 0.779, 0.783, 0.7877500000000001, 0.006135377506140695]
[1.5, 0.1, 0.03, 0.646, 0.741, 0.776, 0.723, 0.785, 0.776, 0.795, 0.77, 0.7515000000000001, 0.04871198151232553]
[1.5, 0.1, 0.01, 0.774, 0.738, 0.655, 0.643, 0.763, 0.672, 0.689, 0.775, 0.713625, 0.055042678246715326]
[1.5, 0.2, 1, 0.797, 0.794, 0.792, 0.78, 0.791, 0.795, 0.784, 0.79, 0.790375, 0.005730557190560598]
[1.5, 0.2, 0.3, 0.799, 0.792, 0.794, 0.782, 0.79, 0.795, 0.784, 0.789, 0.790625, 0.005655275665884282]
[1.5, 0.2, 0.1, 0.794, 0.787, 0.797, 0.79, 0.791, 0.793, 0.778, 0.773, 0.7878750000000001, 0.008288330867637264]
[1.5, 0.2, 0.03, 0.712, 0.732, 0.773, 0.675, 0.544, 0.783, 0.725, 0.765, 0.713625, 0.07719351841776798]
[1.5, 0.2, 0.01, 0.699, 0.762, 0.661, 0.713, 0.712, 0.732, 0.656, 0.762, 0.712125, 0.04019039508567758]
[1.5, 0.3, 1, 0.79, 0.792, 0.791, 0.784, 0.791, 0.784, 0.788, 0.792, 0.789, 0.0033380918415851237]
[1.5, 0.3, 0.3, 0.791, 0.792, 0.789, 0.783, 0.791, 0.784, 0.788, 0.787, 0.7881250000000001, 0.0033139316313320157]
[1.5, 0.3, 0.1, 0.794, 0.786, 0.796, 0.787, 0.791, 0.789, 0.774, 0.77, 0.7858750000000001, 0.009249517361926059]
[1.5, 0.3, 0.03, 0.773, 0.73, 0.743, 0.661, 0.773, 0.789, 0.631, 0.779, 0.7348750000000001, 0.058701271585156374]
[1.5, 0.3, 0.01, 0.552, 0.73, 0.652, 0.64, 0.605, 0.762, 0.653, 0.735, 0.666125, 0.07154506571784966]
